\BOOKMARK [1][-]{section.1}{Abstract}{}% 1
\BOOKMARK [1][-]{section.2}{Motivation}{}% 2
\BOOKMARK [1][-]{section.3}{Numerical calculation of semiconductors gas sensors}{}% 3
\BOOKMARK [2][-]{subsection.3.1}{Introduction}{section.3}% 4
\BOOKMARK [2][-]{subsection.3.2}{Semiconductor properties of the SMOX grains}{section.3}% 5
\BOOKMARK [2][-]{subsection.3.3}{Choice of geometric model}{section.3}% 6
\BOOKMARK [2][-]{subsection.3.4}{Poisson's equation}{section.3}% 7
\BOOKMARK [2][-]{subsection.3.5}{Charge density}{section.3}% 8
\BOOKMARK [2][-]{subsection.3.6}{Poisson equation as system of ODEs}{section.3}% 9
\BOOKMARK [2][-]{subsection.3.7}{Constants}{section.3}% 10
\BOOKMARK [2][-]{subsection.3.8}{Materials}{section.3}% 11
\BOOKMARK [3][-]{subsubsection.3.8.1}{Solving integrals numerically}{subsection.3.8}% 12
\BOOKMARK [3][-]{subsubsection.3.8.2}{Numerical description of the semiconductor}{subsection.3.8}% 13
\BOOKMARK [3][-]{subsubsection.3.8.3}{Numerical description of the semiconductor grains}{subsection.3.8}% 14
\BOOKMARK [3][-]{subsubsection.3.8.4}{Additional relevant paramters}{subsection.3.8}% 15
\BOOKMARK [3][-]{subsubsection.3.8.5}{Putting the pieces together}{subsection.3.8}% 16
\BOOKMARK [3][-]{subsubsection.3.8.6}{Estimate correct solutions of incorrectly found minima}{subsection.3.8}% 17
\BOOKMARK [3][-]{subsubsection.3.8.7}{Recalculating the failed solutions with a little help \203}{subsection.3.8}% 18
\BOOKMARK [3][-]{subsubsection.3.8.8}{Checking the solutions}{subsection.3.8}% 19
\BOOKMARK [2][-]{subsection.3.9}{Shape of the potential drop inside the grain}{section.3}% 20
\BOOKMARK [1][-]{section.4}{Summary}{}% 21
\BOOKMARK [1][-]{section.5}{Bibliography section}{}% 22
